0 info it worked if it ends with ok
1 verbose cli [ 'node',
1 verbose cli   '/Users/thalescantafaro/.nvm/v0.10.28/bin/npm',
1 verbose cli   'run',
1 verbose cli   'lint' ]
2 info using npm@2.5.1
3 info using node@v0.10.28
4 verbose stack Error: missing script: lint
4 verbose stack     at run (/Users/thalescantafaro/.nvm/v0.10.28/lib/node_modules/npm/lib/run-script.js:138:19)
4 verbose stack     at /Users/thalescantafaro/.nvm/v0.10.28/lib/node_modules/npm/lib/run-script.js:81:5
4 verbose stack     at /Users/thalescantafaro/.nvm/v0.10.28/lib/node_modules/npm/node_modules/read-package-json/read-json.js:51:40
4 verbose stack     at final (/Users/thalescantafaro/.nvm/v0.10.28/lib/node_modules/npm/node_modules/read-package-json/read-json.js:349:17)
4 verbose stack     at then (/Users/thalescantafaro/.nvm/v0.10.28/lib/node_modules/npm/node_modules/read-package-json/read-json.js:126:33)
4 verbose stack     at /Users/thalescantafaro/.nvm/v0.10.28/lib/node_modules/npm/node_modules/read-package-json/read-json.js:331:40
4 verbose stack     at evalmachine.<anonymous>:266:14
4 verbose stack     at /Users/thalescantafaro/.nvm/v0.10.28/lib/node_modules/npm/node_modules/graceful-fs/graceful-fs.js:102:5
4 verbose stack     at Object.oncomplete (evalmachine.<anonymous>:107:15)
5 verbose cwd /Users/thalescantafaro/projects/google-pubsub-test
6 error Darwin 14.1.0
7 error argv "node" "/Users/thalescantafaro/.nvm/v0.10.28/bin/npm" "run" "lint"
8 error node v0.10.28
9 error npm  v2.5.1
10 error missing script: lint
11 error If you need help, you may report this error at:
11 error     <http://github.com/npm/npm/issues>
12 verbose exit [ 1, true ]
